Performing C++ SOURCE FILE Test HAVE_OFX_BUG_39 failed with the following output:
Change Dir: /home/marksa/dev/git/fork/gnucash/build_2019-03-13/CMakeFiles/CMakeTmp

Run Build Command:"/usr/bin/make" "cmTC_ddfea/fast"
/usr/bin/make -f CMakeFiles/cmTC_ddfea.dir/build.make CMakeFiles/cmTC_ddfea.dir/build
make[1]: Entering directory '/home/marksa/dev/git/fork/gnucash/build_2019-03-13/CMakeFiles/CMakeTmp'
Building CXX object CMakeFiles/cmTC_ddfea.dir/src.cxx.o
/usr/bin/c++    -DHAVE_OFX_BUG_39   -o CMakeFiles/cmTC_ddfea.dir/src.cxx.o -c /home/marksa/dev/git/fork/gnucash/build_2019-03-13/CMakeFiles/CMakeTmp/src.cxx
Linking CXX executable cmTC_ddfea
/usr/bin/cmake -E cmake_link_script CMakeFiles/cmTC_ddfea.dir/link.txt --verbose=1
/usr/bin/c++   -DHAVE_OFX_BUG_39    -rdynamic CMakeFiles/cmTC_ddfea.dir/src.cxx.o  -o cmTC_ddfea -lofx 
CMakeFiles/cmTC_ddfea.dir/src.cxx.o: In function `main':
src.cxx:(.text+0xb1): undefined reference to `ofxdate_to_time_t(std::__cxx11::basic_string<char, std::char_traits<char>, std::allocator<char> >)'
collect2: error: ld returned 1 exit status
CMakeFiles/cmTC_ddfea.dir/build.make:97: recipe for target 'cmTC_ddfea' failed
make[1]: *** [cmTC_ddfea] Error 1
make[1]: Leaving directory '/home/marksa/dev/git/fork/gnucash/build_2019-03-13/CMakeFiles/CMakeTmp'
Makefile:126: recipe for target 'cmTC_ddfea/fast' failed
make: *** [cmTC_ddfea/fast] Error 2

Return value: 1
Source file was:

#include <time.h>
#include <stdlib.h>
#include <string>
extern time_t ofxdate_to_time_t(const std::string ofxdate);
int main(int argc, char** argv)
{
    const std::string timestr = "20160319000000";
    struct tm ts;
    ts.tm_year = 116;
    ts.tm_mon = 2;
    ts.tm_mday = 19;
#ifdef _WIN32
    putenv("TZ=PST-8PDT-7,M 4.1.0/0,M 10.6.0/0");
#else
    setenv("TZ", "PST 08P DT 07 M 4.1.0, M 10.6.0", 1);
#endif
    time_t t = ofxdate_to_time_t(timestr);
    if (t == mktime(&ts))
        exit(1);
    exit(0);
}

Performing C SOURCE FILE Test have_stringop_truncation failed with the following output:
Change Dir: /home/marksa/dev/git/fork/gnucash/build_2019-03-13/CMakeFiles/CMakeTmp

Run Build Command:"/usr/bin/make" "cmTC_a480f/fast"
/usr/bin/make -f CMakeFiles/cmTC_a480f.dir/build.make CMakeFiles/cmTC_a480f.dir/build
make[1]: Entering directory '/home/marksa/dev/git/fork/gnucash/build_2019-03-13/CMakeFiles/CMakeTmp'
Building C object CMakeFiles/cmTC_a480f.dir/src.c.o
/usr/bin/cc   -Dhave_stringop_truncation   -Wstringop-truncation -o CMakeFiles/cmTC_a480f.dir/src.c.o   -c /home/marksa/dev/git/fork/gnucash/build_2019-03-13/CMakeFiles/CMakeTmp/src.c
cc: error: unrecognized command line option '-Wstringop-truncation'; did you mean '-Wline-truncation'?
CMakeFiles/cmTC_a480f.dir/build.make:65: recipe for target 'CMakeFiles/cmTC_a480f.dir/src.c.o' failed
make[1]: *** [CMakeFiles/cmTC_a480f.dir/src.c.o] Error 1
make[1]: Leaving directory '/home/marksa/dev/git/fork/gnucash/build_2019-03-13/CMakeFiles/CMakeTmp'
Makefile:126: recipe for target 'cmTC_a480f/fast' failed
make: *** [cmTC_a480f/fast] Error 2

Source file was:
int main(void) { return 0; }
Determining if the pthread_create exist failed with the following output:
Change Dir: /home/marksa/dev/git/fork/gnucash/build_2019-03-13/CMakeFiles/CMakeTmp

Run Build Command:"/usr/bin/make" "cmTC_e94c7/fast"
/usr/bin/make -f CMakeFiles/cmTC_e94c7.dir/build.make CMakeFiles/cmTC_e94c7.dir/build
make[1]: Entering directory '/home/marksa/dev/git/fork/gnucash/build_2019-03-13/CMakeFiles/CMakeTmp'
Building C object CMakeFiles/cmTC_e94c7.dir/CheckSymbolExists.c.o
/usr/bin/cc   -Wno-error=deprecated-declarations -std=gnu11 -Wno-error=parentheses -Werror -Wdeclaration-after-statement -Wno-pointer-sign -Wall -Wmissing-prototypes -Wmissing-declarations -Wno-unused     -o CMakeFiles/cmTC_e94c7.dir/CheckSymbolExists.c.o   -c /home/marksa/dev/git/fork/gnucash/build_2019-03-13/CMakeFiles/CMakeTmp/CheckSymbolExists.c
Linking C executable cmTC_e94c7
/usr/bin/cmake -E cmake_link_script CMakeFiles/cmTC_e94c7.dir/link.txt --verbose=1
/usr/bin/cc -Wno-error=deprecated-declarations -std=gnu11 -Wno-error=parentheses -Werror -Wdeclaration-after-statement -Wno-pointer-sign -Wall -Wmissing-prototypes -Wmissing-declarations -Wno-unused      -rdynamic CMakeFiles/cmTC_e94c7.dir/CheckSymbolExists.c.o  -o cmTC_e94c7 
CMakeFiles/cmTC_e94c7.dir/CheckSymbolExists.c.o: In function `main':
CheckSymbolExists.c:(.text+0x1b): undefined reference to `pthread_create'
collect2: error: ld returned 1 exit status
CMakeFiles/cmTC_e94c7.dir/build.make:97: recipe for target 'cmTC_e94c7' failed
make[1]: *** [cmTC_e94c7] Error 1
make[1]: Leaving directory '/home/marksa/dev/git/fork/gnucash/build_2019-03-13/CMakeFiles/CMakeTmp'
Makefile:126: recipe for target 'cmTC_e94c7/fast' failed
make: *** [cmTC_e94c7/fast] Error 2

File /home/marksa/dev/git/fork/gnucash/build_2019-03-13/CMakeFiles/CMakeTmp/CheckSymbolExists.c:
/* */
#include <pthread.h>

int main(int argc, char** argv)
{
  (void)argv;
#ifndef pthread_create
  return ((int*)(&pthread_create))[argc];
#else
  (void)argc;
  return 0;
#endif
}

Determining if compiler accepts -pthread failed with the following output:
Change Dir: /home/marksa/dev/git/fork/gnucash/build_2019-03-13/CMakeFiles/CMakeTmp

Run Build Command:"/usr/bin/make" "cmTC_4e17a/fast"
/usr/bin/make -f CMakeFiles/cmTC_4e17a.dir/build.make CMakeFiles/cmTC_4e17a.dir/build
make[1]: Entering directory '/home/marksa/dev/git/fork/gnucash/build_2019-03-13/CMakeFiles/CMakeTmp'
Building C object CMakeFiles/cmTC_4e17a.dir/CheckForPthreads.c.o
/usr/bin/cc   -Wno-error=deprecated-declarations -std=gnu11 -Wno-error=parentheses -Werror -Wdeclaration-after-statement -Wno-pointer-sign -Wall -Wmissing-prototypes -Wmissing-declarations -Wno-unused     -o CMakeFiles/cmTC_4e17a.dir/CheckForPthreads.c.o   -c /usr/share/cmake-3.10/Modules/CheckForPthreads.c
/usr/share/cmake-3.10/Modules/CheckForPthreads.c:3:7: error: no previous prototype for ‘start_routine’ [-Werror=missing-prototypes]
 void* start_routine(void* args)
       ^~~~~~~~~~~~~
cc1: all warnings being treated as errors
CMakeFiles/cmTC_4e17a.dir/build.make:65: recipe for target 'CMakeFiles/cmTC_4e17a.dir/CheckForPthreads.c.o' failed
make[1]: *** [CMakeFiles/cmTC_4e17a.dir/CheckForPthreads.c.o] Error 1
make[1]: Leaving directory '/home/marksa/dev/git/fork/gnucash/build_2019-03-13/CMakeFiles/CMakeTmp'
Makefile:126: recipe for target 'cmTC_4e17a/fast' failed
make: *** [cmTC_4e17a/fast] Error 2


Determining if the function pthread_create exists in the pthreads failed with the following output:
Change Dir: /home/marksa/dev/git/fork/gnucash/build_2019-03-13/CMakeFiles/CMakeTmp

Run Build Command:"/usr/bin/make" "cmTC_0604d/fast"
/usr/bin/make -f CMakeFiles/cmTC_0604d.dir/build.make CMakeFiles/cmTC_0604d.dir/build
make[1]: Entering directory '/home/marksa/dev/git/fork/gnucash/build_2019-03-13/CMakeFiles/CMakeTmp'
Building C object CMakeFiles/cmTC_0604d.dir/CheckFunctionExists.c.o
/usr/bin/cc   -Wno-error=deprecated-declarations -std=gnu11 -Wno-error=parentheses -Werror -Wdeclaration-after-statement -Wno-pointer-sign -Wall -Wmissing-prototypes -Wmissing-declarations -Wno-unused  -DCHECK_FUNCTION_EXISTS=pthread_create   -o CMakeFiles/cmTC_0604d.dir/CheckFunctionExists.c.o   -c /usr/share/cmake-3.10/Modules/CheckFunctionExists.c
Linking C executable cmTC_0604d
/usr/bin/cmake -E cmake_link_script CMakeFiles/cmTC_0604d.dir/link.txt --verbose=1
/usr/bin/cc -Wno-error=deprecated-declarations -std=gnu11 -Wno-error=parentheses -Werror -Wdeclaration-after-statement -Wno-pointer-sign -Wall -Wmissing-prototypes -Wmissing-declarations -Wno-unused  -DCHECK_FUNCTION_EXISTS=pthread_create    -rdynamic CMakeFiles/cmTC_0604d.dir/CheckFunctionExists.c.o  -o cmTC_0604d -lpthreads 
/usr/bin/ld: cannot find -lpthreads
collect2: error: ld returned 1 exit status
CMakeFiles/cmTC_0604d.dir/build.make:97: recipe for target 'cmTC_0604d' failed
make[1]: *** [cmTC_0604d] Error 1
make[1]: Leaving directory '/home/marksa/dev/git/fork/gnucash/build_2019-03-13/CMakeFiles/CMakeTmp'
Makefile:126: recipe for target 'cmTC_0604d/fast' failed
make: *** [cmTC_0604d/fast] Error 2


